
[2026-01-29T09:59:20.871Z] Login Attempt for: admin@uwo24.com
[LOGIN DEBUG] User found: admin@uwo24.com, comparing passwords...
[LOGIN DEBUG] Password matching! Success.

[2026-01-29T10:48:17.398Z] Login Attempt for: aditilakhera0@gmail.com
[LOGIN DEBUG] User found: aditilakhera0@gmail.com, comparing passwords...
[LOGIN DEBUG] Password matching! Success.

[2026-01-29T11:19:30.547Z] Login Attempt for: aditilakhera0@gmail.com
[LOGIN DEBUG] User found: aditilakhera0@gmail.com, comparing passwords...
[LOGIN DEBUG] Password matching! Success.

[2026-01-29T11:59:52.186Z] Login Attempt for: aditilakhera0@gmail.com
[LOGIN DEBUG] User found: aditilakhera0@gmail.com, comparing passwords...
[LOGIN DEBUG] Password matching! Success.

[2026-01-30T06:00:11.936Z] Login Attempt for: admin@uwo24.com
[LOGIN DEBUG] User found: admin@uwo24.com, comparing passwords...
[LOGIN DEBUG] Password matching! Success.

[2026-01-30T06:31:14.865Z] Login Attempt for: aditilakhera0@gmail.com
[LOGIN DEBUG] User found: aditilakhera0@gmail.com, comparing passwords...
[LOGIN DEBUG] Password matching! Success.

[2026-01-30T10:47:43.430Z] Login Attempt for: admin@uwo24.com
[LOGIN DEBUG] User found: admin@uwo24.com, comparing passwords...
[LOGIN DEBUG] Password matching! Success.

[2026-01-31T04:59:48.654Z] Login Attempt for: admin@uwo24.com
[LOGIN DEBUG] User found: admin@uwo24.com, comparing passwords...
[LOGIN DEBUG] Password matching! Success.

[2026-02-02T06:27:24.054Z] Login Attempt for: aditilakhera0@gmail.com
[LOGIN DEBUG] User found: aditilakhera0@gmail.com, comparing passwords...
[LOGIN DEBUG] Password matching! Success.

[2026-02-02T06:33:24.126Z] Login Attempt for: admin@uwo24.com
[LOGIN DEBUG] User found: admin@uwo24.com, comparing passwords...
[LOGIN DEBUG] Password matching! Success.

[2026-02-02T06:38:57.325Z] Login Attempt for: admin@uwo24.com
[LOGIN DEBUG] User found: admin@uwo24.com, comparing passwords...
[LOGIN DEBUG] Password matching! Success.

[2026-02-02T11:05:11.120Z] Login Attempt for: admin24@uwo24.com
[LOGIN DEBUG] User not found: admin24@uwo24.com

[2026-02-02T11:05:17.895Z] Login Attempt for: admin@uwo24.com
[LOGIN DEBUG] User found: admin@uwo24.com, comparing passwords...
[LOGIN DEBUG] Password matching! Success.

[2026-02-02T11:11:59.120Z] Login Attempt for: aditilakhera0@gmail.com
[LOGIN DEBUG] User found: aditilakhera0@gmail.com, comparing passwords...
[LOGIN DEBUG] Password matching! Success.

[2026-02-02T16:05:51.177Z] Login Attempt for: admin@uwo24.com
[LOGIN DEBUG] User found: admin@uwo24.com, comparing passwords...
[LOGIN DEBUG] Password mismatch for: admin@uwo24.com

[2026-02-02T16:05:53.511Z] Login Attempt for: admin@uwo24.com
[LOGIN DEBUG] User found: admin@uwo24.com, comparing passwords...
[LOGIN DEBUG] Password mismatch for: admin@uwo24.com

[2026-02-02T16:06:08.613Z] Login Attempt for: admin@uwo24.com
[LOGIN DEBUG] User found: admin@uwo24.com, comparing passwords...
[LOGIN DEBUG] Password mismatch for: admin@uwo24.com

[2026-02-02T16:08:55.120Z] Login Attempt for: admin@uwo24.com
[LOGIN DEBUG] User found: admin@uwo24.com, comparing passwords...
[LOGIN DEBUG] Password mismatch for: admin@uwo24.com

[2026-02-02T16:08:56.784Z] Login Attempt for: admin@uwo24.com
[LOGIN DEBUG] User found: admin@uwo24.com, comparing passwords...
[LOGIN DEBUG] Password mismatch for: admin@uwo24.com

[2026-02-02T16:09:42.099Z] Login Attempt for: admin@uwo24.com
[LOGIN DEBUG] User found: admin@uwo24.com, comparing passwords...
[LOGIN DEBUG] Password mismatch for: admin@uwo24.com

[2026-02-02T16:09:44.180Z] Login Attempt for: admin@uwo24.com
[LOGIN DEBUG] User found: admin@uwo24.com, comparing passwords...
[LOGIN DEBUG] Password mismatch for: admin@uwo24.com

[2026-02-02T16:14:51.620Z] Login Attempt for: admin@uwo24.com
[LOGIN DEBUG] User found: admin@uwo24.com, comparing passwords...
[LOGIN DEBUG] Password matching! Success.

[2026-02-03T07:17:03.941Z] Login Attempt for: admin@uwo24.com
[LOGIN DEBUG] User found: admin@uwo24.com, comparing passwords...
[LOGIN DEBUG] Password matching! Success.

[2026-02-03T11:08:05.521Z] Login Attempt for: admin@uwo24.com
[LOGIN DEBUG] User found: admin@uwo24.com, comparing passwords...
[LOGIN DEBUG] Password matching! Success.

[2026-02-04T05:47:38.891Z] Login Attempt for: aditilakhera0@gmail.com
[LOGIN DEBUG] User found: aditilakhera0@gmail.com, comparing passwords...
[LOGIN DEBUG] Password mismatch for: aditilakhera0@gmail.com

[2026-02-04T06:01:19.524Z] Login Attempt for: bhoomzpatel6@gmail.com
[LOGIN DEBUG] User found: bhoomzpatel6@gmail.com, comparing passwords...
[LOGIN DEBUG] Password matching! Success.

[2026-02-04T06:14:31.995Z] Login Attempt for: devanshtantwaynir@gmail.com
[LOGIN DEBUG] User found: devanshtantwaynir@gmail.com, comparing passwords...
[LOGIN DEBUG] Password matching! Success.

[2026-02-04T09:18:54.269Z] Login Attempt for: aditilakhera0@gmail.com
[LOGIN DEBUG] User found: aditilakhera0@gmail.com, comparing passwords...
[LOGIN DEBUG] Password matching! Success.

[2026-02-04T09:34:52.171Z] Login Attempt for: aditilakhera0@gmail.com
[LOGIN DEBUG] User found: aditilakhera0@gmail.com, comparing passwords...
[LOGIN DEBUG] Password matching! Success.

[2026-02-04T10:21:01.728Z] Login Attempt for: aditilakhera0@gmail.com
[LOGIN DEBUG] User found: aditilakhera0@gmail.com, comparing passwords...
[LOGIN DEBUG] Password matching! Success.

[2026-02-04T10:21:29.441Z] Login Attempt for: aditilakhera0@gmail.com
[LOGIN DEBUG] User found: aditilakhera0@gmail.com, comparing passwords...
[LOGIN DEBUG] Password matching! Success.

[2026-02-04T11:31:24.777Z] Login Attempt for: aditilakhera0@gmail.com
[LOGIN DEBUG] User found: aditilakhera0@gmail.com, comparing passwords...
[LOGIN DEBUG] Password matching! Success.

[2026-02-04T11:59:27.723Z] Login Attempt for: aditilakhera0@gmail.com
[LOGIN DEBUG] User found: aditilakhera0@gmail.com, comparing passwords...
[LOGIN DEBUG] Password matching! Success.

[2026-02-04T12:18:04.446Z] Login Attempt for: admin@uwo24.com
[LOGIN DEBUG] User found: admin@uwo24.com, comparing passwords...
[LOGIN DEBUG] Password matching! Success.
